[21592:768:0210/140255.128:INFO:chrome_browser_cloud_management_controller.cc(196)] No machine level policy manager exists.
[21592:768:0210/140255.144:WARNING:pref_value_store.cc(252)] Expected type for safebrowsing.enabled is boolean but got string in store 4
[21592:768:0210/140255.144:WARNING:pref_value_store.cc(252)] Expected type for safebrowsing.enabled is boolean but got string in store 4
[21592:768:0210/140255.144:WARNING:pref_value_store.cc(252)] Expected type for safebrowsing.enabled is boolean but got string in store 4
[21592:768:0210/140255.144:WARNING:pref_value_store.cc(252)] Expected type for safebrowsing.enabled is boolean but got string in store 4
[21592:768:0210/140255.147:WARNING:pref_value_store.cc(252)] Expected type for safebrowsing.enabled is boolean but got string in store 4
[21592:768:0210/140255.154:WARNING:pref_value_store.cc(252)] Expected type for safebrowsing.enabled is boolean but got string in store 4
[21592:768:0210/140255.154:WARNING:pref_value_store.cc(252)] Expected type for safebrowsing.enabled is boolean but got string in store 4
[21592:768:0210/140255.154:WARNING:pref_value_store.cc(252)] Expected type for safebrowsing.enabled is boolean but got string in store 4
[21592:768:0210/140255.154:WARNING:pref_value_store.cc(252)] Expected type for safebrowsing.enabled is boolean but got string in store 4
[21592:768:0210/140255.154:WARNING:pref_value_store.cc(252)] Expected type for safebrowsing.enabled is boolean but got string in store 4
[21592:768:0210/140255.154:WARNING:pref_value_store.cc(252)] Expected type for safebrowsing.enabled is boolean but got string in store 4
[21592:768:0210/140255.154:WARNING:pref_value_store.cc(252)] Expected type for safebrowsing.enabled is boolean but got string in store 4
[21592:768:0210/140255.154:WARNING:pref_value_store.cc(252)] Expected type for safebrowsing.enabled is boolean but got string in store 4
[21592:768:0210/140255.191:WARNING:pref_value_store.cc(252)] Expected type for safebrowsing.enabled is boolean but got string in store 4
[21592:768:0210/140255.191:WARNING:pref_value_store.cc(252)] Expected type for safebrowsing.enabled is boolean but got string in store 4
[21592:768:0210/140255.191:WARNING:pref_value_store.cc(252)] Expected type for safebrowsing.enabled is boolean but got string in store 4
[21592:768:0210/140255.196:WARNING:pref_value_store.cc(252)] Expected type for safebrowsing.enabled is boolean but got string in store 4
[21592:768:0210/140255.196:WARNING:pref_value_store.cc(252)] Expected type for safebrowsing.enabled is boolean but got string in store 4
[21592:768:0210/140255.196:WARNING:pref_value_store.cc(252)] Expected type for safebrowsing.enabled is boolean but got string in store 4
[21592:768:0210/140255.196:WARNING:pref_value_store.cc(252)] Expected type for safebrowsing.enabled is boolean but got string in store 4
[21592:768:0210/140255.203:WARNING:pref_value_store.cc(252)] Expected type for safebrowsing.enabled is boolean but got string in store 4
[21592:768:0210/140255.203:WARNING:pref_value_store.cc(252)] Expected type for safebrowsing.enabled is boolean but got string in store 4
[17032:19316:0210/140255.226:WARNING:viz_main_impl.cc(85)] VizNullHypothesis is disabled (not a warning)
[21592:768:0210/140255.237:WARNING:pref_value_store.cc(252)] Expected type for safebrowsing.enabled is boolean but got string in store 4
[21592:768:0210/140255.248:WARNING:pref_value_store.cc(252)] Expected type for safebrowsing.enabled is boolean but got string in store 4
[21592:768:0210/140255.249:WARNING:pref_value_store.cc(252)] Expected type for safebrowsing.enabled is boolean but got string in store 4
[21592:768:0210/140255.257:WARNING:pref_value_store.cc(252)] Expected type for safebrowsing.enabled is boolean but got string in store 4
[21592:768:0210/140255.257:WARNING:pref_value_store.cc(252)] Expected type for safebrowsing.enabled is boolean but got string in store 4
[21592:768:0210/140255.330:WARNING:pref_value_store.cc(252)] Expected type for safebrowsing.enabled is boolean but got string in store 4
[21592:768:0210/140255.330:WARNING:pref_value_store.cc(252)] Expected type for safebrowsing.enabled is boolean but got string in store 4
[21592:768:0210/140255.371:WARNING:pref_value_store.cc(252)] Expected type for safebrowsing.enabled is boolean but got string in store 4
[21592:768:0210/140255.455:WARNING:pref_value_store.cc(252)] Expected type for safebrowsing.enabled is boolean but got string in store 4
[21592:768:0210/140255.514:WARNING:pref_value_store.cc(252)] Expected type for safebrowsing.enabled is boolean but got string in store 4
[21592:768:0210/140255.514:WARNING:pref_value_store.cc(252)] Expected type for safebrowsing.enabled is boolean but got string in store 4
[21592:768:0210/140255.549:WARNING:pref_value_store.cc(252)] Expected type for safebrowsing.enabled is boolean but got string in store 4
[21592:768:0210/140255.873:WARNING:pref_value_store.cc(252)] Expected type for safebrowsing.enabled is boolean but got string in store 4
[21592:768:0210/140255.886:WARNING:pref_value_store.cc(252)] Expected type for safebrowsing.enabled is boolean but got string in store 4
[21592:768:0210/140255.886:WARNING:pref_value_store.cc(252)] Expected type for safebrowsing.enabled is boolean but got string in store 4
[21592:768:0210/140255.886:WARNING:pref_value_store.cc(252)] Expected type for safebrowsing.enabled is boolean but got string in store 4
[21592:768:0210/140255.886:WARNING:pref_value_store.cc(252)] Expected type for safebrowsing.enabled is boolean but got string in store 4
[21592:768:0210/140255.888:WARNING:pref_value_store.cc(252)] Expected type for safebrowsing.enabled is boolean but got string in store 4
[21592:768:0210/140255.888:WARNING:pref_value_store.cc(252)] Expected type for safebrowsing.enabled is boolean but got string in store 4
[21592:768:0210/140255.917:WARNING:pref_value_store.cc(252)] Expected type for safebrowsing.enabled is boolean but got string in store 4
[21592:768:0210/140255.954:INFO:CONSOLE(0)] "[DOM] Input elements should have autocomplete attributes (suggested: "current-password"): (More info: https://goo.gl/9p2vKq) %o", source: https://www.facebook.com/ (0)
[21592:768:0210/140255.982:INFO:CONSOLE(0)] "
%cStop! font-family:helvetica; font-size:20px; font-size:50px; font-weight:bold; color:red; -webkit-text-stroke:1px black;", source:  (0)
[21592:768:0210/140255.982:INFO:CONSOLE(0)] "
%cThis is a browser feature intended for developers. If someone told you to copy and paste something here to enable a Facebook feature or "hack" someone's account, it is a scam and will give them access to your Facebook account. font-family:helvetica; font-size:20px; ", source:  (0)
[21592:768:0210/140255.982:INFO:CONSOLE(0)] "
%cSee https://www.facebook.com/selfxss for more information. font-family:helvetica; font-size:20px; ", source:  (0)
[21592:768:0210/140255.982:INFO:CONSOLE(0)] "
%c ", source:  (0)
[17032:19316:0210/140255.984:ERROR:gles2_cmd_decoder_passthrough.cc(1082)] [GroupMarkerNotSet(crbug.com/242999)!:A0E02100E4330000]Automatic fallback to software WebGL has been deprecated. Please use the --enable-unsafe-swiftshader flag to opt in to lower security guarantees for trusted content.
[21592:768:0210/140255.987:INFO:CONSOLE(0)] "[GroupMarkerNotSet(crbug.com/242999)!:A0E02100E4330000]Automatic fallback to software WebGL has been deprecated. Please use the --enable-unsafe-swiftshader flag to opt in to lower security guarantees for trusted content.", source: https://www.facebook.com/ (0)
[21592:768:0210/140256.133:WARNING:pref_value_store.cc(252)] Expected type for safebrowsing.enabled is boolean but got string in store 4
[21592:768:0210/140256.133:WARNING:pref_value_store.cc(252)] Expected type for safebrowsing.enabled is boolean but got string in store 4
[21592:768:0210/140256.776:WARNING:pref_value_store.cc(252)] Expected type for safebrowsing.enabled is boolean but got string in store 4
[21592:768:0210/140256.776:WARNING:pref_value_store.cc(252)] Expected type for safebrowsing.enabled is boolean but got string in store 4
[21592:768:0210/140256.776:WARNING:pref_value_store.cc(252)] Expected type for safebrowsing.enabled is boolean but got string in store 4
[21592:768:0210/140256.781:WARNING:pref_value_store.cc(252)] Expected type for safebrowsing.enabled is boolean but got string in store 4
[21592:768:0210/140256.781:WARNING:pref_value_store.cc(252)] Expected type for safebrowsing.enabled is boolean but got string in store 4
[21592:768:0210/140256.785:WARNING:pref_value_store.cc(252)] Expected type for safebrowsing.enabled is boolean but got string in store 4
[21592:768:0210/140256.785:WARNING:pref_value_store.cc(252)] Expected type for safebrowsing.enabled is boolean but got string in store 4
[21592:768:0210/140256.788:WARNING:pref_value_store.cc(252)] Expected type for safebrowsing.enabled is boolean but got string in store 4
[21592:768:0210/140256.788:WARNING:pref_value_store.cc(252)] Expected type for safebrowsing.enabled is boolean but got string in store 4
[21592:768:0210/140256.796:WARNING:pref_value_store.cc(252)] Expected type for safebrowsing.enabled is boolean but got string in store 4
[21592:768:0210/140256.796:WARNING:pref_value_store.cc(252)] Expected type for safebrowsing.enabled is boolean but got string in store 4
[21592:768:0210/140257.505:WARNING:pref_value_store.cc(252)] Expected type for safebrowsing.enabled is boolean but got string in store 4
[21592:768:0210/140257.505:WARNING:pref_value_store.cc(252)] Expected type for safebrowsing.enabled is boolean but got string in store 4
[21592:768:0210/140257.507:WARNING:pref_value_store.cc(252)] Expected type for safebrowsing.enabled is boolean but got string in store 4
[21592:768:0210/140257.928:WARNING:pref_value_store.cc(252)] Expected type for safebrowsing.enabled is boolean but got string in store 4
[21592:768:0210/140257.928:WARNING:pref_value_store.cc(252)] Expected type for safebrowsing.enabled is boolean but got string in store 4
[21592:768:0210/140257.971:WARNING:pref_value_store.cc(252)] Expected type for safebrowsing.enabled is boolean but got string in store 4
[21592:768:0210/140258.196:WARNING:pref_value_store.cc(252)] Expected type for safebrowsing.enabled is boolean but got string in store 4
[21592:768:0210/140258.244:WARNING:pref_value_store.cc(252)] Expected type for safebrowsing.enabled is boolean but got string in store 4
[21592:768:0210/140301.555:WARNING:pref_value_store.cc(252)] Expected type for safebrowsing.enabled is boolean but got string in store 4
[21592:768:0210/140301.555:WARNING:pref_value_store.cc(252)] Expected type for safebrowsing.enabled is boolean but got string in store 4
[21592:768:0210/140301.673:WARNING:pref_value_store.cc(252)] Expected type for safebrowsing.enabled is boolean but got string in store 4
[21592:768:0210/140301.673:WARNING:pref_value_store.cc(252)] Expected type for safebrowsing.enabled is boolean but got string in store 4
[22920:21880:0210/140301.697:WARNING:sqlite_persistent_store_backend_base.cc(198)] Failed to post task from FlushAndNotifyInBackground@net\extras\sqlite\sqlite_persistent_store_backend_base.cc:248 to client_task_runner_.
[22920:21880:0210/140301.697:WARNING:sqlite_persistent_store_backend_base.cc(198)] Failed to post task from FlushAndNotifyInBackground@net\extras\sqlite\sqlite_persistent_store_backend_base.cc:248 to client_task_runner_.
