[10540:7828:0211/142014.111:INFO:chrome_browser_cloud_management_controller.cc(196)] No machine level policy manager exists.
[10540:7828:0211/142014.127:WARNING:pref_value_store.cc(252)] Expected type for safebrowsing.enabled is boolean but got string in store 4
[10540:7828:0211/142014.127:WARNING:pref_value_store.cc(252)] Expected type for safebrowsing.enabled is boolean but got string in store 4
[10540:7828:0211/142014.127:WARNING:pref_value_store.cc(252)] Expected type for safebrowsing.enabled is boolean but got string in store 4
[10540:7828:0211/142014.127:WARNING:pref_value_store.cc(252)] Expected type for safebrowsing.enabled is boolean but got string in store 4
[10540:7828:0211/142014.132:WARNING:pref_value_store.cc(252)] Expected type for safebrowsing.enabled is boolean but got string in store 4
[10540:7828:0211/142014.140:WARNING:pref_value_store.cc(252)] Expected type for safebrowsing.enabled is boolean but got string in store 4
[10540:7828:0211/142014.140:WARNING:pref_value_store.cc(252)] Expected type for safebrowsing.enabled is boolean but got string in store 4
[10540:7828:0211/142014.140:WARNING:pref_value_store.cc(252)] Expected type for safebrowsing.enabled is boolean but got string in store 4
[10540:7828:0211/142014.140:WARNING:pref_value_store.cc(252)] Expected type for safebrowsing.enabled is boolean but got string in store 4
[10540:7828:0211/142014.140:WARNING:pref_value_store.cc(252)] Expected type for safebrowsing.enabled is boolean but got string in store 4
[10540:7828:0211/142014.140:WARNING:pref_value_store.cc(252)] Expected type for safebrowsing.enabled is boolean but got string in store 4
[10540:7828:0211/142014.140:WARNING:pref_value_store.cc(252)] Expected type for safebrowsing.enabled is boolean but got string in store 4
[10540:7828:0211/142014.140:WARNING:pref_value_store.cc(252)] Expected type for safebrowsing.enabled is boolean but got string in store 4
[10540:7828:0211/142014.141:WARNING:pref_value_store.cc(252)] Expected type for safebrowsing.enabled is boolean but got string in store 4
[10540:7828:0211/142014.141:WARNING:pref_value_store.cc(252)] Expected type for safebrowsing.enabled is boolean but got string in store 4
[10540:7828:0211/142014.141:WARNING:pref_value_store.cc(252)] Expected type for safebrowsing.enabled is boolean but got string in store 4
[10540:7828:0211/142014.141:WARNING:pref_value_store.cc(252)] Expected type for safebrowsing.enabled is boolean but got string in store 4
[10540:7828:0211/142014.141:WARNING:pref_value_store.cc(252)] Expected type for safebrowsing.enabled is boolean but got string in store 4
[10540:7828:0211/142014.178:WARNING:pref_value_store.cc(252)] Expected type for safebrowsing.enabled is boolean but got string in store 4
[10540:7828:0211/142014.178:WARNING:pref_value_store.cc(252)] Expected type for safebrowsing.enabled is boolean but got string in store 4
[10540:7828:0211/142014.178:WARNING:pref_value_store.cc(252)] Expected type for safebrowsing.enabled is boolean but got string in store 4
[10540:7828:0211/142014.179:WARNING:pref_value_store.cc(252)] Expected type for safebrowsing.enabled is boolean but got string in store 4
[10540:7828:0211/142014.179:WARNING:pref_value_store.cc(252)] Expected type for safebrowsing.enabled is boolean but got string in store 4
[10540:7828:0211/142014.179:WARNING:pref_value_store.cc(252)] Expected type for safebrowsing.enabled is boolean but got string in store 4
[10540:7828:0211/142014.179:WARNING:pref_value_store.cc(252)] Expected type for safebrowsing.enabled is boolean but got string in store 4
[10540:7828:0211/142014.189:WARNING:pref_value_store.cc(252)] Expected type for safebrowsing.enabled is boolean but got string in store 4
[10540:7828:0211/142014.189:WARNING:pref_value_store.cc(252)] Expected type for safebrowsing.enabled is boolean but got string in store 4
[10540:7828:0211/142014.240:WARNING:pref_value_store.cc(252)] Expected type for safebrowsing.enabled is boolean but got string in store 4
[10540:7828:0211/142014.240:WARNING:pref_value_store.cc(252)] Expected type for safebrowsing.enabled is boolean but got string in store 4
[10540:7828:0211/142014.240:WARNING:pref_value_store.cc(252)] Expected type for safebrowsing.enabled is boolean but got string in store 4
[10540:7828:0211/142014.240:WARNING:pref_value_store.cc(252)] Expected type for safebrowsing.enabled is boolean but got string in store 4
[10540:7828:0211/142014.242:WARNING:pref_value_store.cc(252)] Expected type for safebrowsing.enabled is boolean but got string in store 4
[10540:7828:0211/142014.242:WARNING:pref_value_store.cc(252)] Expected type for safebrowsing.enabled is boolean but got string in store 4
[10540:7828:0211/142014.244:WARNING:pref_value_store.cc(252)] Expected type for safebrowsing.enabled is boolean but got string in store 4
[10540:7828:0211/142014.251:WARNING:pref_value_store.cc(252)] Expected type for safebrowsing.enabled is boolean but got string in store 4
[10540:7828:0211/142014.251:WARNING:pref_value_store.cc(252)] Expected type for safebrowsing.enabled is boolean but got string in store 4
[14952:9672:0211/142014.269:WARNING:viz_main_impl.cc(85)] VizNullHypothesis is disabled (not a warning)
[10540:7828:0211/142014.434:WARNING:pref_value_store.cc(252)] Expected type for safebrowsing.enabled is boolean but got string in store 4
[10540:7828:0211/142014.434:WARNING:pref_value_store.cc(252)] Expected type for safebrowsing.enabled is boolean but got string in store 4
[10540:7828:0211/142014.491:WARNING:pref_value_store.cc(252)] Expected type for safebrowsing.enabled is boolean but got string in store 4
[10540:7828:0211/142014.491:WARNING:pref_value_store.cc(252)] Expected type for safebrowsing.enabled is boolean but got string in store 4
[10540:7828:0211/142014.491:WARNING:pref_value_store.cc(252)] Expected type for safebrowsing.enabled is boolean but got string in store 4
[10540:7828:0211/142014.522:WARNING:pref_value_store.cc(252)] Expected type for safebrowsing.enabled is boolean but got string in store 4
[10540:7828:0211/142014.538:WARNING:pref_value_store.cc(252)] Expected type for safebrowsing.enabled is boolean but got string in store 4
[10540:7828:0211/142014.608:WARNING:pref_value_store.cc(252)] Expected type for safebrowsing.enabled is boolean but got string in store 4
[10540:7828:0211/142014.608:WARNING:pref_value_store.cc(252)] Expected type for safebrowsing.enabled is boolean but got string in store 4
[10540:7828:0211/142015.042:WARNING:pref_value_store.cc(252)] Expected type for safebrowsing.enabled is boolean but got string in store 4
[10540:7828:0211/142015.053:WARNING:pref_value_store.cc(252)] Expected type for safebrowsing.enabled is boolean but got string in store 4
[10540:7828:0211/142015.053:WARNING:pref_value_store.cc(252)] Expected type for safebrowsing.enabled is boolean but got string in store 4
[10540:7828:0211/142015.053:WARNING:pref_value_store.cc(252)] Expected type for safebrowsing.enabled is boolean but got string in store 4
[10540:7828:0211/142015.053:WARNING:pref_value_store.cc(252)] Expected type for safebrowsing.enabled is boolean but got string in store 4
[10540:7828:0211/142015.063:WARNING:pref_value_store.cc(252)] Expected type for safebrowsing.enabled is boolean but got string in store 4
[10540:7828:0211/142015.063:WARNING:pref_value_store.cc(252)] Expected type for safebrowsing.enabled is boolean but got string in store 4
[10540:7828:0211/142015.083:WARNING:pref_value_store.cc(252)] Expected type for safebrowsing.enabled is boolean but got string in store 4
[10540:7828:0211/142015.298:INFO:CONSOLE(0)] "[DOM] Input elements should have autocomplete attributes (suggested: "current-password"): (More info: https://goo.gl/9p2vKq) %o", source: https://www.facebook.com/ (0)
[10540:7828:0211/142015.472:INFO:CONSOLE(0)] "
%cStop! font-family:helvetica; font-size:20px; font-size:50px; font-weight:bold; color:red; -webkit-text-stroke:1px black;", source:  (0)
[10540:7828:0211/142015.472:INFO:CONSOLE(0)] "
%cThis is a browser feature intended for developers. If someone told you to copy and paste something here to enable a Facebook feature or "hack" someone's account, it is a scam and will give them access to your Facebook account. font-family:helvetica; font-size:20px; ", source:  (0)
[10540:7828:0211/142015.472:INFO:CONSOLE(0)] "
%cSee https://www.facebook.com/selfxss for more information. font-family:helvetica; font-size:20px; ", source:  (0)
[10540:7828:0211/142015.473:INFO:CONSOLE(0)] "
%c ", source:  (0)
[10540:7828:0211/142015.504:WARNING:pref_value_store.cc(252)] Expected type for safebrowsing.enabled is boolean but got string in store 4
[10540:7828:0211/142015.504:WARNING:pref_value_store.cc(252)] Expected type for safebrowsing.enabled is boolean but got string in store 4
[10540:7828:0211/142015.538:WARNING:pref_value_store.cc(252)] Expected type for safebrowsing.enabled is boolean but got string in store 4
[10540:7828:0211/142015.763:WARNING:pref_value_store.cc(252)] Expected type for safebrowsing.enabled is boolean but got string in store 4
[10540:7828:0211/142015.763:WARNING:pref_value_store.cc(252)] Expected type for safebrowsing.enabled is boolean but got string in store 4
[10540:7828:0211/142015.763:WARNING:pref_value_store.cc(252)] Expected type for safebrowsing.enabled is boolean but got string in store 4
[10540:7828:0211/142015.763:WARNING:pref_value_store.cc(252)] Expected type for safebrowsing.enabled is boolean but got string in store 4
[10540:7828:0211/142015.852:WARNING:pref_value_store.cc(252)] Expected type for safebrowsing.enabled is boolean but got string in store 4
[10540:7828:0211/142015.852:WARNING:pref_value_store.cc(252)] Expected type for safebrowsing.enabled is boolean but got string in store 4
[10540:7828:0211/142015.852:WARNING:pref_value_store.cc(252)] Expected type for safebrowsing.enabled is boolean but got string in store 4
[10540:7828:0211/142015.856:WARNING:pref_value_store.cc(252)] Expected type for safebrowsing.enabled is boolean but got string in store 4
[10540:7828:0211/142015.856:WARNING:pref_value_store.cc(252)] Expected type for safebrowsing.enabled is boolean but got string in store 4
[10540:7828:0211/142015.863:WARNING:pref_value_store.cc(252)] Expected type for safebrowsing.enabled is boolean but got string in store 4
[10540:7828:0211/142015.863:WARNING:pref_value_store.cc(252)] Expected type for safebrowsing.enabled is boolean but got string in store 4
[10540:7828:0211/142015.864:WARNING:pref_value_store.cc(252)] Expected type for safebrowsing.enabled is boolean but got string in store 4
[10540:7828:0211/142015.864:WARNING:pref_value_store.cc(252)] Expected type for safebrowsing.enabled is boolean but got string in store 4
[10540:7828:0211/142015.865:WARNING:pref_value_store.cc(252)] Expected type for safebrowsing.enabled is boolean but got string in store 4
[10540:7828:0211/142015.865:WARNING:pref_value_store.cc(252)] Expected type for safebrowsing.enabled is boolean but got string in store 4
[10540:7828:0211/142015.873:WARNING:pref_value_store.cc(252)] Expected type for safebrowsing.enabled is boolean but got string in store 4
[10540:7828:0211/142015.873:WARNING:pref_value_store.cc(252)] Expected type for safebrowsing.enabled is boolean but got string in store 4
[10540:7828:0211/142016.269:WARNING:pref_value_store.cc(252)] Expected type for safebrowsing.enabled is boolean but got string in store 4
[10540:7828:0211/142016.269:WARNING:pref_value_store.cc(252)] Expected type for safebrowsing.enabled is boolean but got string in store 4
[10540:7828:0211/142016.551:WARNING:pref_value_store.cc(252)] Expected type for safebrowsing.enabled is boolean but got string in store 4
[10540:7828:0211/142016.591:WARNING:pref_value_store.cc(252)] Expected type for safebrowsing.enabled is boolean but got string in store 4
[10540:7828:0211/142016.591:WARNING:pref_value_store.cc(252)] Expected type for safebrowsing.enabled is boolean but got string in store 4
[10540:7828:0211/142016.640:WARNING:pref_value_store.cc(252)] Expected type for safebrowsing.enabled is boolean but got string in store 4
[10540:7828:0211/142016.875:WARNING:pref_value_store.cc(252)] Expected type for safebrowsing.enabled is boolean but got string in store 4
[10540:7828:0211/142016.934:WARNING:pref_value_store.cc(252)] Expected type for safebrowsing.enabled is boolean but got string in store 4
[10540:7828:0211/142017.450:INFO:CONSOLE(71)] "ErrorUtils caught an error:

WA Server returned status code 503 while attempting device registration [Caught in: [DeviceRegistration] Cannot process ICDC payload during registration: (Error)]

Subsequent non-fatal errors won't be logged; see https://fburl.com/debugjs.", source: https://static.xx.fbcdn.net/rsrc.php/v4/yO/r/w_t0SB6TdZS.js?_nc_eui2=AeHcu7sSjP6GaYUpi6jmGphFQigvWcr0CFxCKC9ZyvQIXOvZLW3I2oeIDIIIRV3VsE8XVdg7tDOpClLUO4AFslpm (71)
[10540:7828:0211/142018.020:WARNING:pref_value_store.cc(252)] Expected type for safebrowsing.enabled is boolean but got string in store 4
[10540:7828:0211/142018.020:WARNING:pref_value_store.cc(252)] Expected type for safebrowsing.enabled is boolean but got string in store 4
[10540:7828:0211/142018.039:WARNING:pref_value_store.cc(252)] Expected type for safebrowsing.enabled is boolean but got string in store 4
[10540:7828:0211/142018.039:WARNING:pref_value_store.cc(252)] Expected type for safebrowsing.enabled is boolean but got string in store 4
[10540:7828:0211/142018.048:WARNING:pref_value_store.cc(252)] Expected type for safebrowsing.enabled is boolean but got string in store 4
[10540:7828:0211/142018.048:WARNING:pref_value_store.cc(252)] Expected type for safebrowsing.enabled is boolean but got string in store 4
[15168:12240:0211/142018.099:WARNING:sqlite_persistent_store_backend_base.cc(198)] Failed to post task from FlushAndNotifyInBackground@net\extras\sqlite\sqlite_persistent_store_backend_base.cc:248 to client_task_runner_.
[15168:12240:0211/142018.099:WARNING:sqlite_persistent_store_backend_base.cc(198)] Failed to post task from FlushAndNotifyInBackground@net\extras\sqlite\sqlite_persistent_store_backend_base.cc:248 to client_task_runner_.
